
2012-01-19 00:07:19,890
投保参数<?xml version="1.0" encoding="UTF-8"?><message method="getPolicy" type="request"><batchNo></batchNo><infoType>0002</infoType><transDate>20120119</transDate><dataSet><record><seq>123</seq><productId>ASXY_6</productId><effDate>00010101</effDate><isBaby>N</isBaby><phFn>刘</phFn><phLn>德华</phLn><phGender>M</phGender><phBirth>19820412</phBirth><phCountry>CN</phCountry><phIdtype>9</phIdtype><phId>352224198204120013</phId><phAdd1>11</phAdd1><phAdd2>110115</phAdd2><phAdd3>中辉世纪传媒大厦</phAdd3><phPost>101750</phPost><phMobile></phMobile><phEmail>lf1302@sina.cn</phEmail><rel>SLF</rel><insOne>Y</insOne><insFn /><insLn /><insGender /><insBirth /><insCountry /><insIdtype /><insId /><flyNo>CZ1012</flyNo><subId /><reserved1>任我行</reserved1><reserved2 /><Signature>YlA1hrLyuIoRbu7xiRTsS84A5VKgx4YwFG+Kclj1csXOOrWqXY6AOJqf+xFzBZ25wj2IGXx2e4bCqUIdEDM8Pw==</Signature></record></dataSet><transTime>20120119000657</transTime><merchantID>jinhang</merchantID><commentRes>nothing to say</commentRes><reserved1 /><reserved2 /></message>
金航网投保：<?xml version="1.0" encoding="UTF-8"?><message method="getPolicy" type="response"><infoType>1002</infoType><batchNo></batchNo><dataSet><record><seq>1</seq><retCode>100039</retCode><policyRef></policyRef><reserved1></reserved1><reserved2></reserved2><errMsg></errMsg></record></dataSet><transTime>20120119000649</transTime><merchantID></merchantID><commentRes></commentRes><reserved1></reserved1><reserved2></reserved2></message>

 
2012-01-19 00:08:25,671
<?xml version="1.0" encoding="GBK"?><abbsParamXml><Header><documentId>001</documentId><profileRequest>01</profileRequest><function>policyIssuing</function><from>11-24-0001</from><to>11-11-1111</to></Header><Request><policyIssuing><paramList><parameter><policyNo>GP02000000524005</policyNo><productNo>P0122A9</productNo><agencyNo>SHAA-00001</agencyNo><name>刘德华</name><flightNo>CZ6146</flightNo><idType>1</idType><idNo>352224198204120013</idNo><birthDate>19820412</birthDate><gender>M</gender><units>1</units><effDate>20120119</effDate><matuDate>20120120</matuDate><isSendSMS>1</isSendSMS><businessID>TEST002011102400001</businessID><billNo /><mobile>13817650067</mobile><isSendSMS>1</isSendSMS><paymentType>C</paymentType></parameter></paramList></policyIssuing></Request></abbsParamXml>
 
2012-01-19 00:09:15,234
<?xml version="1.0" encoding="GBK"?><abbsParamXml><Header><documentId>001</documentId><profileRequest>01</profileRequest><function>policyIssuing</function><from>11-24-0001</from><to>11-11-1111</to></Header><Request><policyIssuing><paramList><parameter><policyNo>GP02000000524005</policyNo><productNo>P0122A9</productNo><agencyNo>SHAA-00001</agencyNo><name>刘德华</name><flightNo>CZ6146</flightNo><idType>1</idType><idNo>352224198204120013</idNo><birthDate>19820412</birthDate><gender>M</gender><units>1</units><effDate>20120119</effDate><matuDate>20120120</matuDate><isSendSMS>1</isSendSMS><businessID>TEST002011102400001</businessID><billNo /><mobile>13817650067</mobile><isSendSMS>1</isSendSMS><paymentType>C</paymentType></parameter></paramList></policyIssuing></Request></abbsParamXml>
 
2012-01-19 00:09:19,171
平安投保返回:<?xml version="1.0" encoding="UTF-8"?>
<Values version="2.0"><array type="record" name="resultDocumentList" depth="0"/><value name="processFlag">-1</value><value name="processMessage">有错误发生:根据代理点获取代理点信息发生错误</value><value name="interfaceId">01</value><value name="abbsDebugInfo">productNo:P0122A9;agencyNo:SHAA-00001;policyNo:GP02000000524005;有错误发生:根据代理点获取代理点信息发生错误</value><record javaclass="com.wm.util.Values" name="TN_parms"><value name="$contentType">text/xml</value><null name="$contentEncoding"/><value name="encoding">encoding="UTF-8"</value></record></Values>
 
2012-01-19 00:10:05,562
平安投保返回:<?xml version="1.0" encoding="UTF-8"?>
<Values version="2.0"><array type="record" name="resultDocumentList" depth="0"/><value name="processFlag">-1</value><value name="processMessage">有错误发生:根据代理点获取代理点信息发生错误</value><value name="interfaceId">01</value><value name="abbsDebugInfo">productNo:P0122A9;agencyNo:SHAA-00001;policyNo:GP02000000524005;有错误发生:根据代理点获取代理点信息发生错误</value><record javaclass="com.wm.util.Values" name="TN_parms"><value name="$contentType">text/xml</value><null name="$contentEncoding"/><value name="encoding">encoding="UTF-8"</value></record></Values>
 
2012-01-19 00:10:22,546
<?xml version="1.0" encoding="GBK"?><abbsParamXml><Header><documentId>001</documentId><profileRequest>01</profileRequest><function>policyIssuing</function><from>11-24-0001</from><to>11-11-1111</to></Header><Request><policyIssuing><paramList><parameter><policyNo>GP02000000524005</policyNo><productNo>P0122A9</productNo><agencyNo>SHAA-00001</agencyNo><name>刘德华</name><flightNo>CZ6146</flightNo><idType>1</idType><idNo>352224198204120013</idNo><birthDate>19820412</birthDate><gender>M</gender><units>1</units><effDate>20120119</effDate><matuDate>20120120</matuDate><isSendSMS>1</isSendSMS><businessID>TEST002011102400001</businessID><billNo /><mobile>13817650067</mobile><isSendSMS>1</isSendSMS><paymentType>C</paymentType></parameter></paramList></policyIssuing></Request></abbsParamXml>
 
2012-01-19 00:11:10,812
平安投保返回:<?xml version="1.0" encoding="UTF-8"?>
<Values version="2.0"><array type="record" name="resultDocumentList" depth="0"/><value name="processFlag">-1</value><value name="processMessage">有错误发生:根据代理点获取代理点信息发生错误</value><value name="interfaceId">01</value><value name="abbsDebugInfo">productNo:P0122A9;agencyNo:SHAA-00001;policyNo:GP02000000524005;有错误发生:根据代理点获取代理点信息发生错误</value><record javaclass="com.wm.util.Values" name="TN_parms"><value name="$contentType">text/xml</value><null name="$contentEncoding"/><value name="encoding">encoding="UTF-8"</value></record></Values>
 
2012-01-19 09:41:53,671
<?xml version="1.0" encoding="GBK"?><abbsParamXml><Header><documentId>001</documentId><profileRequest>01</profileRequest><function>policyIssuing</function><from>11-24-0001</from><to>11-11-1111</to></Header><Request><policyIssuing><paramList><parameter><policyNo>GP02000000524005</policyNo><productNo>P0122A9</productNo><agencyNo>SHAA-00001</agencyNo><name>刘德华</name><flightNo>CZ6146</flightNo><idType>1</idType><idNo>352224198204120013</idNo><birthDate>19820412</birthDate><gender>M</gender><units>1</units><effDate>20120119</effDate><matuDate>20120120</matuDate><isSendSMS>1</isSendSMS><businessID>TEST002011102400001</businessID><billNo /><mobile>13817650067</mobile><isSendSMS>1</isSendSMS><paymentType>C</paymentType></parameter></paramList></policyIssuing></Request></abbsParamXml>
 
2012-01-19 09:41:55,140
平安投保返回:<?xml version="1.0" encoding="UTF-8"?>
<Values version="2.0"><array type="record" name="resultDocumentList" depth="1"><record javaclass="com.wm.util.Values"><value name="certsts">流水号重复，承保失败</value><value name="policyNo">GP02000000524005</value><value name="name">刘德华</value><value name="productNo">P0122A9</value></record></array><value name="processFlag">-1</value><value name="processMessage">流水号重复，承保失败null</value><value name="interfaceId">01</value><value name="abbsDebugInfo">productNo:P0122A9;agencyNo:SHAA-00001;policyNo:GP02000000524005;流水号重复，承保失败null</value><record javaclass="com.wm.util.Values" name="TN_parms"><value name="$contentType">text/xml</value><null name="$contentEncoding"/><value name="encoding">encoding="UTF-8"</value></record></Values>
 
2012-01-19 09:44:37,937
<?xml version="1.0" encoding="GBK"?><abbsParamXml><Header><documentId>001</documentId><profileRequest>01</profileRequest><function>policyIssuing</function><from>11-24-0001</from><to>11-11-1111</to></Header><Request><policyIssuing><paramList><parameter><policyNo>GP02000000524005</policyNo><productNo>P0122A9</productNo><agencyNo>SHAA-00001</agencyNo><name>刘德华</name><flightNo>CZ6146</flightNo><idType>1</idType><idNo>352224198204120013</idNo><birthDate>19820412</birthDate><gender>M</gender><units>1</units><effDate>20120119</effDate><matuDate>20120120</matuDate><isSendSMS>1</isSendSMS><businessID /><billNo /><mobile>13817650067</mobile><isSendSMS>1</isSendSMS><paymentType>C</paymentType></parameter></paramList></policyIssuing></Request></abbsParamXml>
 
2012-01-19 09:58:26,296
<?xml version="1.0" encoding="GBK"?><abbsParamXml><Header><documentId>001</documentId><profileRequest>01</profileRequest><function>policyIssuing</function><from>11-24-0001</from><to>11-11-1111</to></Header><Request><policyIssuing><paramList><parameter><policyNo>GP02000000524005</policyNo><productNo>P0122A9</productNo><agencyNo>SHAA-00001</agencyNo><name>刘德华</name><flightNo>CZ6146</flightNo><idType>1</idType><idNo>352224198204120013</idNo><birthDate>19820412</birthDate><gender>M</gender><units>1</units><effDate>20120119</effDate><matuDate>20120120</matuDate><isSendSMS>1</isSendSMS><businessID /><billNo /><mobile>13817650067</mobile><isSendSMS>1</isSendSMS><paymentType>C</paymentType></parameter></paramList></policyIssuing></Request></abbsParamXml>
 
2012-01-19 09:58:48,875
<?xml version="1.0" encoding="GBK"?><abbsParamXml><Header><documentId>001</documentId><profileRequest>01</profileRequest><function>policyIssuing</function><from>11-24-0001</from><to>11-11-1111</to></Header><Request><policyIssuing><paramList><parameter><policyNo>GP02000000524005</policyNo><productNo>P0122A9</productNo><agencyNo>SHAA-00001</agencyNo><name>刘德华</name><flightNo>CZ6146</flightNo><idType>1</idType><idNo>352224198204120013</idNo><birthDate>19820412</birthDate><gender>M</gender><units>1</units><effDate>20120119</effDate><matuDate>20120120</matuDate><isSendSMS>1</isSendSMS><businessID /><billNo /><mobile>13817650067</mobile><isSendSMS>1</isSendSMS><paymentType>C</paymentType></parameter></paramList></policyIssuing></Request></abbsParamXml>
 
2012-01-19 09:59:18,000
<?xml version="1.0" encoding="GBK"?><abbsParamXml><Header><documentId>001</documentId><profileRequest>01</profileRequest><function>policyIssuing</function><from>11-24-0001</from><to>11-11-1111</to></Header><Request><policyIssuing><paramList><parameter><policyNo>GP02000000524005</policyNo><productNo>P0122A9</productNo><agencyNo>SHAA-00001</agencyNo><name>刘德华</name><flightNo>CZ6146</flightNo><idType>1</idType><idNo>352224198204120013</idNo><birthDate>19820412</birthDate><gender>M</gender><units>1</units><effDate>20120119</effDate><matuDate>20120120</matuDate><isSendSMS>1</isSendSMS><businessID /><billNo /><mobile>13817650067</mobile><isSendSMS>1</isSendSMS><paymentType>C</paymentType></parameter></paramList></policyIssuing></Request></abbsParamXml>
 
2012-01-19 09:59:36,656
<?xml version="1.0" encoding="GBK"?><abbsParamXml><Header><documentId>001</documentId><profileRequest>01</profileRequest><function>policyIssuing</function><from>11-24-0001</from><to>11-11-1111</to></Header><Request><policyIssuing><paramList><parameter><policyNo>GP02000000524005</policyNo><productNo>P0122A9</productNo><agencyNo>SHAA-00001</agencyNo><name>刘德华</name><flightNo>CZ6146</flightNo><idType>1</idType><idNo>352224198204120013</idNo><birthDate>19820412</birthDate><gender>M</gender><units>1</units><effDate>20120119</effDate><matuDate>20120120</matuDate><isSendSMS>1</isSendSMS><businessID /><billNo /><mobile>13817650067</mobile><isSendSMS>1</isSendSMS><paymentType>C</paymentType></parameter></paramList></policyIssuing></Request></abbsParamXml>
 
2012-01-19 10:00:52,140
<?xml version="1.0" encoding="GBK"?><abbsParamXml><Header><documentId>001</documentId><profileRequest>01</profileRequest><function>policyIssuing</function><from>11-24-0001</from><to>11-11-1111</to></Header><Request><policyIssuing><paramList><parameter><policyNo>GP02000000524005</policyNo><productNo>P0122A9</productNo><agencyNo>SHAA-00001</agencyNo><name>刘德华</name><flightNo>CZ6146</flightNo><idType>1</idType><idNo>352224198204120013</idNo><birthDate>19820412</birthDate><gender>M</gender><units>1</units><effDate>20120119</effDate><matuDate>20120120</matuDate><isSendSMS>1</isSendSMS><businessID /><billNo /><mobile>13817650067</mobile><isSendSMS>1</isSendSMS><paymentType>C</paymentType></parameter></paramList></policyIssuing></Request></abbsParamXml>
 
2012-01-19 10:01:40,781
<?xml version="1.0" encoding="GBK"?><abbsParamXml><Header><documentId>001</documentId><profileRequest>01</profileRequest><function>policyIssuing</function><from>11-24-0001</from><to>11-11-1111</to></Header><Request><policyIssuing><paramList><parameter><policyNo>GP02000000524005</policyNo><productNo>P0122A9</productNo><agencyNo>SHAA-00001</agencyNo><name>刘德华</name><flightNo>CZ6146</flightNo><idType>1</idType><idNo>352224198204120013</idNo><birthDate>19820412</birthDate><gender>M</gender><units>1</units><effDate>20120119</effDate><matuDate>20120120</matuDate><isSendSMS>1</isSendSMS><businessID /><billNo /><mobile>13817650067</mobile><isSendSMS>1</isSendSMS><paymentType>C</paymentType></parameter></paramList></policyIssuing></Request></abbsParamXml>
 
2012-01-19 10:02:44,390
<?xml version="1.0" encoding="GBK"?><abbsParamXml><Header><documentId>001</documentId><profileRequest>01</profileRequest><function>policyIssuing</function><from>11-24-0001</from><to>11-11-1111</to></Header><Request><policyIssuing><paramList><parameter><policyNo>GP02000000524005</policyNo><productNo>P0122A9</productNo><agencyNo>SHAA-00001</agencyNo><name>刘德华</name><flightNo>CZ6146</flightNo><idType>1</idType><idNo>352224198204120013</idNo><birthDate>19820412</birthDate><gender>M</gender><units>1</units><effDate>20120119</effDate><matuDate>20120120</matuDate><isSendSMS>1</isSendSMS><businessID /><billNo /><mobile>13817650067</mobile><isSendSMS>1</isSendSMS><paymentType>C</paymentType></parameter></paramList></policyIssuing></Request></abbsParamXml>
 
2012-01-19 10:31:02,312
<?xml version="1.0" encoding="GBK"?><abbsParamXml><Header><documentId>001</documentId><profileRequest>01</profileRequest><function>policyIssuing</function><from>11-24-0001</from><to>11-11-1111</to></Header><Request><policyIssuing><paramList><parameter><policyNo>GP02000000524005</policyNo><productNo>P0122A9</productNo><agencyNo>SHAA-00001</agencyNo><name>刘德华</name><flightNo>CZ6146</flightNo><idType>1</idType><idNo>352224198204120013</idNo><birthDate>19820412</birthDate><gender>M</gender><units>1</units><effDate>20120119</effDate><matuDate>20120120</matuDate><isSendSMS>1</isSendSMS><businessID /><billNo /><mobile>13817650067</mobile><isSendSMS>1</isSendSMS><paymentType>C</paymentType></parameter></paramList></policyIssuing></Request></abbsParamXml>
 
2012-01-19 13:00:35,296
<?xml version="1.0" encoding="GBK"?><abbsParamXml><Header><documentId>001</documentId><profileRequest>01</profileRequest><function>policyIssuing</function><from>11-24-0001</from><to>11-11-1111</to></Header><Request><policyIssuing><paramList><parameter><policyNo>GP02000000524005</policyNo><productNo>P0122A9</productNo><agencyNo>SHAA-00001</agencyNo><name>刘德华</name><flightNo>CZ6146</flightNo><idType>1</idType><idNo>352224198204120013</idNo><birthDate>19820412</birthDate><gender>M</gender><units>1</units><effDate>20120119</effDate><matuDate>20120120</matuDate><isSendSMS>1</isSendSMS><businessID /><billNo /><mobile>13817650067</mobile><isSendSMS>1</isSendSMS><paymentType>C</paymentType></parameter></paramList></policyIssuing></Request></abbsParamXml>
 
2012-01-19 13:06:50,093
<?xml version="1.0" encoding="GBK"?><abbsParamXml><Header><documentId>001</documentId><profileRequest>01</profileRequest><function>policyIssuing</function><from>11-24-0001</from><to>11-11-1111</to></Header><Request><policyIssuing><paramList><parameter><policyNo>GP02000000524005</policyNo><productNo>P0122A9</productNo><agencyNo>SHAA-00001</agencyNo><name>刘德华</name><flightNo>CZ6146</flightNo><idType>1</idType><idNo>352224198204120013</idNo><birthDate>19820412</birthDate><gender>M</gender><units>1</units><effDate>20120119</effDate><matuDate>20120120</matuDate><isSendSMS>1</isSendSMS><businessID /><billNo /><mobile>13817650067</mobile><isSendSMS>1</isSendSMS><paymentType>C</paymentType></parameter></paramList></policyIssuing></Request></abbsParamXml>
 
2012-01-19 13:06:52,437
https://eairiis-stgdmz.paic.com.cn/invoke/wm.tn/receive
 
2012-01-19 13:12:33,203
<?xml version="1.0" encoding="GBK"?><abbsParamXml><Header><documentId>001</documentId><profileRequest>01</profileRequest><function>policyIssuing</function><from>11-24-0001</from><to>11-11-1111</to></Header><Request><policyIssuing><paramList><parameter><policyNo>GP02000000524005</policyNo><productNo>P0122A9</productNo><agencyNo>SHAA-00001</agencyNo><name>刘德华</name><flightNo>CZ6146</flightNo><idType>1</idType><idNo>352224198204120013</idNo><birthDate>19820412</birthDate><gender>M</gender><units>1</units><effDate>20120119</effDate><matuDate>20120120</matuDate><isSendSMS>1</isSendSMS><businessID /><billNo /><mobile>13817650067</mobile><isSendSMS>1</isSendSMS><paymentType>C</paymentType></parameter></paramList></policyIssuing></Request></abbsParamXml>
 
2012-01-19 13:13:09,718
https://eairiis-stgdmz.paic.com.cn/invoke/wm.tn/receive
 
2012-01-19 13:14:21,578
<?xml version="1.0" encoding="GBK"?><abbsParamXml><Header><documentId>001</documentId><profileRequest>01</profileRequest><function>policyIssuing</function><from>11-24-0001</from><to>11-11-1111</to></Header><Request><policyIssuing><paramList><parameter><policyNo>GP02000000524005</policyNo><productNo>P0122A9</productNo><agencyNo>SHAA-00001</agencyNo><name>刘德华</name><flightNo>CZ6146</flightNo><idType>1</idType><idNo>352224198204120013</idNo><birthDate>19820412</birthDate><gender>M</gender><units>1</units><effDate>20120119</effDate><matuDate>20120120</matuDate><isSendSMS>1</isSendSMS><businessID /><billNo /><mobile>13817650067</mobile><isSendSMS>1</isSendSMS><paymentType>C</paymentType></parameter></paramList></policyIssuing></Request></abbsParamXml>
 
2012-01-19 13:14:26,390
https://eairiis-stgdmz.paic.com.cn/invoke/wm.tn/receive
 
2012-01-19 13:14:30,859
<?xml version="1.0" encoding="GBK"?><abbsParamXml><Header><documentId>001</documentId><profileRequest>01</profileRequest><function>policyIssuing</function><from>11-24-0001</from><to>11-11-1111</to></Header><Request><policyIssuing><paramList><parameter><policyNo>GP02000000524005</policyNo><productNo>P0122A9</productNo><agencyNo>SHAA-00001</agencyNo><name>刘德华</name><flightNo>CZ6146</flightNo><idType>1</idType><idNo>352224198204120013</idNo><birthDate>19820412</birthDate><gender>M</gender><units>1</units><effDate>20120119</effDate><matuDate>20120120</matuDate><isSendSMS>1</isSendSMS><businessID /><billNo /><mobile>13817650067</mobile><isSendSMS>1</isSendSMS><paymentType>C</paymentType></parameter></paramList></policyIssuing></Request></abbsParamXml>
 
2012-01-19 13:14:36,265
https://eairiis-stgdmz.paic.com.cn/invoke/wm.tn/receive
 
2012-01-19 13:14:44,031
<?xml version="1.0" encoding="GBK"?><abbsParamXml><Header><documentId>001</documentId><profileRequest>01</profileRequest><function>policyIssuing</function><from>11-24-0001</from><to>11-11-1111</to></Header><Request><policyIssuing><paramList><parameter><policyNo>GP02000000524005</policyNo><productNo>P0122A9</productNo><agencyNo>SHAA-00001</agencyNo><name>刘德华</name><flightNo>CZ6146</flightNo><idType>1</idType><idNo>352224198204120013</idNo><birthDate>19820412</birthDate><gender>M</gender><units>1</units><effDate>20120119</effDate><matuDate>20120120</matuDate><isSendSMS>1</isSendSMS><businessID /><billNo /><mobile>13817650067</mobile><isSendSMS>1</isSendSMS><paymentType>C</paymentType></parameter></paramList></policyIssuing></Request></abbsParamXml>
 
2012-01-19 13:14:47,015
https://eairiis-stgdmz.paic.com.cn/invoke/wm.tn/receive
 
2012-01-19 13:14:52,343
<?xml version="1.0" encoding="GBK"?><abbsParamXml><Header><documentId>001</documentId><profileRequest>01</profileRequest><function>policyIssuing</function><from>11-24-0001</from><to>11-11-1111</to></Header><Request><policyIssuing><paramList><parameter><policyNo>GP02000000524005</policyNo><productNo>P0122A9</productNo><agencyNo>SHAA-00001</agencyNo><name>刘德华</name><flightNo>CZ6146</flightNo><idType>1</idType><idNo>352224198204120013</idNo><birthDate>19820412</birthDate><gender>M</gender><units>1</units><effDate>20120119</effDate><matuDate>20120120</matuDate><isSendSMS>1</isSendSMS><businessID /><billNo /><mobile>13817650067</mobile><isSendSMS>1</isSendSMS><paymentType>C</paymentType></parameter></paramList></policyIssuing></Request></abbsParamXml>
 
2012-01-19 13:14:54,500
https://eairiis-stgdmz.paic.com.cn/invoke/wm.tn/receive
 
2012-01-19 13:15:08,093
<?xml version="1.0" encoding="GBK"?><abbsParamXml><Header><documentId>001</documentId><profileRequest>01</profileRequest><function>policyIssuing</function><from>11-24-0001</from><to>11-11-1111</to></Header><Request><policyIssuing><paramList><parameter><policyNo>GP02000000524005</policyNo><productNo>P0122A9</productNo><agencyNo>SHAA-00001</agencyNo><name>刘德华</name><flightNo>CZ6146</flightNo><idType>1</idType><idNo>352224198204120013</idNo><birthDate>19820412</birthDate><gender>M</gender><units>1</units><effDate>20120119</effDate><matuDate>20120120</matuDate><isSendSMS>1</isSendSMS><businessID /><billNo /><mobile>13817650067</mobile><isSendSMS>1</isSendSMS><paymentType>C</paymentType></parameter></paramList></policyIssuing></Request></abbsParamXml>
 
2012-01-19 13:15:16,593
https://eairiis-stgdmz.paic.com.cn/invoke/wm.tn/receive
 
2012-01-19 13:19:05,046
<?xml version="1.0" encoding="GBK"?><abbsParamXml><Header><documentId>001</documentId><profileRequest>01</profileRequest><function>policyIssuing</function><from>11-24-0001</from><to>11-11-1111</to></Header><Request><policyIssuing><paramList><parameter><policyNo>GP02000000524005</policyNo><productNo>P0122A9</productNo><agencyNo>SHAA-00001</agencyNo><name>刘德华</name><flightNo>CZ6146</flightNo><idType>1</idType><idNo>352224198204120013</idNo><birthDate>19820412</birthDate><gender>M</gender><units>1</units><effDate>20120119</effDate><matuDate>20120120</matuDate><isSendSMS>1</isSendSMS><businessID>TEST002011102400001</businessID><billNo /><mobile>13817650067</mobile><isSendSMS>1</isSendSMS><paymentType>C</paymentType></parameter></paramList></policyIssuing></Request></abbsParamXml>
 
2012-01-19 13:19:06,937
https://eairiis-stgdmz.paic.com.cn/invoke/wm.tn/receive
 
2012-01-19 13:20:38,281
<?xml version="1.0" encoding="GBK"?><abbsParamXml><Header><documentId>001</documentId><profileRequest>01</profileRequest><function>policyIssuing</function><from>11-24-0001</from><to>11-11-1111</to></Header><Request><policyIssuing><paramList><parameter><policyNo>GP02000000524005</policyNo><productNo>P0122A9</productNo><agencyNo>SHAA-00001</agencyNo><name>刘德华</name><flightNo>CZ6146</flightNo><idType>1</idType><idNo>352224198204120013</idNo><birthDate>19820412</birthDate><gender>M</gender><units>1</units><effDate>20120119</effDate><matuDate>20120120</matuDate><isSendSMS>1</isSendSMS><businessID>TEST002011102400001</businessID><billNo /><mobile>13817650067</mobile><isSendSMS>1</isSendSMS><paymentType>C</paymentType></parameter></paramList></policyIssuing></Request></abbsParamXml>
 
2012-01-19 13:21:01,171
https://eairiis-stgdmz.paic.com.cn/invoke/wm.tn/receive
 
2012-01-19 13:22:03,921
<?xml version="1.0" encoding="GBK"?><abbsParamXml><Header><documentId>001</documentId><profileRequest>01</profileRequest><function>policyIssuing</function><from>11-24-0001</from><to>11-11-1111</to></Header><Request><policyIssuing><paramList><parameter><policyNo>GP02000000524005</policyNo><productNo>P0122A9</productNo><agencyNo>SHAA-00001</agencyNo><name>刘德华</name><flightNo>CZ6146</flightNo><idType>1</idType><idNo>352224198204120013</idNo><birthDate>19820412</birthDate><gender>M</gender><units>1</units><effDate>20120119</effDate><matuDate>20120120</matuDate><isSendSMS>1</isSendSMS><businessID>TEST002011102400001</businessID><billNo /><mobile>13817650067</mobile><isSendSMS>1</isSendSMS><paymentType>C</paymentType></parameter></paramList></policyIssuing></Request></abbsParamXml>
 
2012-01-19 13:22:05,484
https://eairiis-stgdmz.paic.com.cn/invoke/wm.tn/receive
 
2012-01-19 13:25:46,984
<?xml version="1.0" encoding="GBK"?><abbsParamXml><Header><documentId>001</documentId><profileRequest>01</profileRequest><function>policyIssuing</function><from>11-24-0001</from><to>11-11-1111</to></Header><Request><policyIssuing><paramList><parameter><policyNo>GP02000000524005</policyNo><productNo>P0122A9</productNo><agencyNo>SHAA-00001</agencyNo><name>刘德华</name><flightNo>CZ6146</flightNo><idType>1</idType><idNo>352224198204120013</idNo><birthDate>19820412</birthDate><gender>M</gender><units>1</units><effDate>20120119</effDate><matuDate>20120120</matuDate><isSendSMS>1</isSendSMS><businessID>TEST002011102400001</businessID><billNo /><mobile>13817650067</mobile><isSendSMS>1</isSendSMS><paymentType>C</paymentType></parameter></paramList></policyIssuing></Request></abbsParamXml>
 
2012-01-19 13:25:48,906
https://eairiis-stgdmz.paic.com.cn/invoke/wm.tn/receive
 
2012-01-19 13:29:07,562
<?xml version="1.0" encoding="GBK"?><abbsParamXml><Header><documentId>001</documentId><profileRequest>01</profileRequest><function>policyIssuing</function><from>11-24-0001</from><to>11-11-1111</to></Header><Request><policyIssuing><paramList><parameter><policyNo>GP02000000524005</policyNo><productNo>P0122A9</productNo><agencyNo>SHAA-00001</agencyNo><name>刘德华</name><flightNo>CZ6146</flightNo><idType>1</idType><idNo>352224198204120013</idNo><birthDate>19820412</birthDate><gender>M</gender><units>1</units><effDate>20120119</effDate><matuDate>20120120</matuDate><isSendSMS>1</isSendSMS><businessID>TEST002011102400001</businessID><billNo /><mobile>13817650067</mobile><isSendSMS>1</isSendSMS><paymentType>C</paymentType></parameter></paramList></policyIssuing></Request></abbsParamXml>
 
2012-01-19 13:29:09,781
https://eairiis-stgdmz.paic.com.cn/invoke/wm.tn/receive
 
2012-01-19 13:38:26,828
Microsoft.Practices.Unity.ResolutionFailedException: Resolution of the dependency failed, type = "IAClass.Issuing.IIssuing", name = "Jinhang". Exception message is: The current build operation (build key Build Key[IAClass.Issuing.IIssuing, Jinhang]) failed: The current type, IAClass.Issuing.IIssuing, is an interface and cannot be constructed. Are you missing a type mapping? (Strategy type BuildPlanStrategy, index 3) ---> Microsoft.Practices.ObjectBuilder2.BuildFailedException: The current build operation (build key Build Key[IAClass.Issuing.IIssuing, Jinhang]) failed: The current type, IAClass.Issuing.IIssuing, is an interface and cannot be constructed. Are you missing a type mapping? (Strategy type BuildPlanStrategy, index 3) ---> System.InvalidOperationException: The current type, IAClass.Issuing.IIssuing, is an interface and cannot be constructed. Are you missing a type mapping?
   在 Microsoft.Practices.ObjectBuilder2.DynamicMethodConstructorStrategy.ThrowForAttemptingToConstructInterface(IBuilderContext context)
   在 BuildUp_IAClass.Issuing.IIssuing(IBuilderContext )
   在 Microsoft.Practices.ObjectBuilder2.DynamicMethodBuildPlan.BuildUp(IBuilderContext context)
   在 Microsoft.Practices.ObjectBuilder2.BuildPlanStrategy.PreBuildUp(IBuilderContext context)
   在 Microsoft.Practices.ObjectBuilder2.StrategyChain.ExecuteBuildUp(IBuilderContext context)
   --- 内部异常堆栈跟踪的结尾 ---
   在 Microsoft.Practices.ObjectBuilder2.StrategyChain.ExecuteBuildUp(IBuilderContext context)
   在 Microsoft.Practices.ObjectBuilder2.Builder.BuildUp(IReadWriteLocator locator, ILifetimeContainer lifetime, IPolicyList policies, IStrategyChain strategies, Object buildKey, Object existing)
   在 Microsoft.Practices.Unity.UnityContainer.DoBuildUp(Type t, Object existing, String name)
   --- 内部异常堆栈跟踪的结尾 ---
   在 Microsoft.Practices.Unity.UnityContainer.DoBuildUp(Type t, Object existing, String name)
   在 Microsoft.Practices.Unity.UnityContainer.DoBuildUp(Type t, String name)
   在 Microsoft.Practices.Unity.UnityContainer.Resolve(Type t, String name)
   在 Microsoft.Practices.Unity.UnityContainerBase.Resolve[T](String name)
   在 IAClass.Issuing.IssuingFacade.Issue(IssueEntity entity) 位置 H:\Projects\IAClass\Issuing\IssuingFacade.cs:行号 72
 
2012-01-19 13:38:59,484
http://www.poolwin.com/AnLianWeb/test.do
 
2012-01-19 13:55:14,328
投保参数<?xml version="1.0" encoding="UTF-8"?><message method="getPolicy" type="request"><batchNo></batchNo><infoType>0002</infoType><transDate>20120119</transDate><dataSet><record><seq>123</seq><productId>ASXY_6</productId><effDate>00010101</effDate><isBaby>N</isBaby><phFn>刘</phFn><phLn>德华</phLn><phGender>M</phGender><phBirth>19820412</phBirth><phCountry>CN</phCountry><phIdtype>9</phIdtype><phId>352224198204120013</phId><phAdd1>11</phAdd1><phAdd2>110115</phAdd2><phAdd3>中辉世纪传媒大厦</phAdd3><phPost>101750</phPost><phMobile></phMobile><phEmail>lf1302@sina.cn</phEmail><rel>SLF</rel><insOne>Y</insOne><insFn /><insLn /><insGender /><insBirth /><insCountry /><insIdtype /><insId /><flyNo>CZ1012</flyNo><subId /><reserved1>任我行</reserved1><reserved2 /><Signature>YlA1hrLyuIoRbu7xiRTsS84A5VKgx4YwFG+Kclj1csXOOrWqXY6AOJqf+xFzBZ25wj2IGXx2e4bCqUIdEDM8Pw==</Signature></record></dataSet><transTime>20120119135508</transTime><merchantID>jinhang</merchantID><commentRes>nothing to say</commentRes><reserved1 /><reserved2 /></message>
金航网投保：<?xml version="1.0" encoding="UTF-8"?><message method="getPolicy" type="response"><infoType>1002</infoType><batchNo></batchNo><dataSet><record><seq>1</seq><retCode>100039</retCode><policyRef></policyRef><reserved1></reserved1><reserved2></reserved2><errMsg></errMsg></record></dataSet><transTime>20120119135458</transTime><merchantID></merchantID><commentRes></commentRes><reserved1></reserved1><reserved2></reserved2></message>

 
2012-01-19 13:55:35,593
投保参数<?xml version="1.0" encoding="UTF-8"?><message method="getPolicy" type="request"><batchNo></batchNo><infoType>0002</infoType><transDate>20120119</transDate><dataSet><record><seq>123</seq><productId>ASXY_6</productId><effDate>00010101</effDate><isBaby>N</isBaby><phFn>刘</phFn><phLn>德华</phLn><phGender>M</phGender><phBirth>19820412</phBirth><phCountry>CN</phCountry><phIdtype>9</phIdtype><phId>352224198204120013</phId><phAdd1>11</phAdd1><phAdd2>110115</phAdd2><phAdd3>中辉世纪传媒大厦</phAdd3><phPost>101750</phPost><phMobile></phMobile><phEmail>lf1302@sina.cn</phEmail><rel>SLF</rel><insOne>Y</insOne><insFn /><insLn /><insGender /><insBirth /><insCountry /><insIdtype /><insId /><flyNo>CZ1012</flyNo><subId /><reserved1>任我行</reserved1><reserved2 /><Signature>YlA1hrLyuIoRbu7xiRTsS84A5VKgx4YwFG+Kclj1csXOOrWqXY6AOJqf+xFzBZ25wj2IGXx2e4bCqUIdEDM8Pw==</Signature></record></dataSet><transTime>20120119135521</transTime><merchantID>jinhang</merchantID><commentRes>nothing to say</commentRes><reserved1 /><reserved2 /></message>
金航网投保：<?xml version="1.0" encoding="UTF-8"?><message method="getPolicy" type="response"><infoType>1002</infoType><batchNo></batchNo><dataSet><record><seq>1</seq><retCode>100039</retCode><policyRef></policyRef><reserved1></reserved1><reserved2></reserved2><errMsg></errMsg></record></dataSet><transTime>20120119135510</transTime><merchantID></merchantID><commentRes></commentRes><reserved1></reserved1><reserved2></reserved2></message>

 
2012-01-19 13:55:43,671
投保参数<?xml version="1.0" encoding="UTF-8"?><message method="getPolicy" type="request"><batchNo></batchNo><infoType>0002</infoType><transDate>20120119</transDate><dataSet><record><seq>123</seq><productId>ASXY_6</productId><effDate>00010101</effDate><isBaby>N</isBaby><phFn>刘</phFn><phLn>德华</phLn><phGender>M</phGender><phBirth>19820412</phBirth><phCountry>CN</phCountry><phIdtype>9</phIdtype><phId>352224198204120013</phId><phAdd1>11</phAdd1><phAdd2>110115</phAdd2><phAdd3>中辉世纪传媒大厦</phAdd3><phPost>101750</phPost><phMobile></phMobile><phEmail>lf1302@sina.cn</phEmail><rel>SLF</rel><insOne>Y</insOne><insFn /><insLn /><insGender /><insBirth /><insCountry /><insIdtype /><insId /><flyNo>CZ1012</flyNo><subId /><reserved1>任我行</reserved1><reserved2 /><Signature>YlA1hrLyuIoRbu7xiRTsS84A5VKgx4YwFG+Kclj1csXOOrWqXY6AOJqf+xFzBZ25wj2IGXx2e4bCqUIdEDM8Pw==</Signature></record></dataSet><transTime>20120119135539</transTime><merchantID>jinhang</merchantID><commentRes>nothing to say</commentRes><reserved1 /><reserved2 /></message>
金航网投保：<?xml version="1.0" encoding="UTF-8"?><message method="getPolicy" type="response"><infoType>1002</infoType><batchNo></batchNo><dataSet><record><seq>1</seq><retCode>100039</retCode><policyRef></policyRef><reserved1></reserved1><reserved2></reserved2><errMsg></errMsg></record></dataSet><transTime>20120119135529</transTime><merchantID></merchantID><commentRes></commentRes><reserved1></reserved1><reserved2></reserved2></message>

 
2012-01-19 13:55:53,515
投保参数<?xml version="1.0" encoding="UTF-8"?><message method="getPolicy" type="request"><batchNo></batchNo><infoType>0002</infoType><transDate>20120119</transDate><dataSet><record><seq>123</seq><productId>ASXY_6</productId><effDate>00010101</effDate><isBaby>N</isBaby><phFn>刘</phFn><phLn>德华</phLn><phGender>M</phGender><phBirth>19820412</phBirth><phCountry>CN</phCountry><phIdtype>9</phIdtype><phId>352224198204120013</phId><phAdd1>11</phAdd1><phAdd2>110115</phAdd2><phAdd3>中辉世纪传媒大厦</phAdd3><phPost>101750</phPost><phMobile></phMobile><phEmail>lf1302@sina.cn</phEmail><rel>SLF</rel><insOne>Y</insOne><insFn /><insLn /><insGender /><insBirth /><insCountry /><insIdtype /><insId /><flyNo>CZ1012</flyNo><subId /><reserved1>任我行</reserved1><reserved2 /><Signature>YlA1hrLyuIoRbu7xiRTsS84A5VKgx4YwFG+Kclj1csXOOrWqXY6AOJqf+xFzBZ25wj2IGXx2e4bCqUIdEDM8Pw==</Signature></record></dataSet><transTime>20120119135547</transTime><merchantID>jinhang</merchantID><commentRes>nothing to say</commentRes><reserved1 /><reserved2 /></message>
金航网投保：<?xml version="1.0" encoding="UTF-8"?><message method="getPolicy" type="response"><infoType>1002</infoType><batchNo></batchNo><dataSet><record><seq>1</seq><retCode>100039</retCode><policyRef></policyRef><reserved1></reserved1><reserved2></reserved2><errMsg></errMsg></record></dataSet><transTime>20120119135537</transTime><merchantID></merchantID><commentRes></commentRes><reserved1></reserved1><reserved2></reserved2></message>

 